date slider/build/outputs/mapping/release/seeds.txt
com.googlecode.android.widgets.DateSlider.R
com.googlecode.android.widgets.DateSlider.R$attr
com.googlecode.android.widgets.DateSlider.R$attr: int childHeight
com.googlecode.android.widgets.DateSlider.R$attr: int childWidth
com.googlecode.android.widgets.DateSlider.R$attr: int labelerClass
com.googlecode.android.widgets.DateSlider.R$attr: int labelerFormat
com.googlecode.android.widgets.DateSlider.R$drawable
com.googlecode.android.widgets.DateSlider.R$drawable: int icon
com.googlecode.android.widgets.DateSlider.R$drawable: int left_shadow
com.googlecode.android.widgets.DateSlider.R$drawable: int right_shadow
com.googlecode.android.widgets.DateSlider.R$drawable: int slider_back
com.googlecode.android.widgets.DateSlider.R$id
com.googlecode.android.widgets.DateSlider.R$id: int alternativeDateSelectButton
com.googlecode.android.widgets.DateSlider.R$id: int customDateSelectButton
com.googlecode.android.widgets.DateSlider.R$id: int dateSliderButLayout
com.googlecode.android.widgets.DateSlider.R$id: int dateSliderCancelButton
com.googlecode.android.widgets.DateSlider.R$id: int dateSliderContainer
com.googlecode.android.widgets.DateSlider.R$id: int dateSliderOkButton
com.googlecode.android.widgets.DateSlider.R$id: int dateSliderTitleText
com.googlecode.android.widgets.DateSlider.R$id: int dateTimeSelectButton
com.googlecode.android.widgets.DateSlider.R$id: int defaultDateLimitSelectButton
com.googlecode.android.widgets.DateSlider.R$id: int defaultDateSelectButton
com.googlecode.android.widgets.DateSlider.R$id: int monthYearDateSelectButton
com.googlecode.android.widgets.DateSlider.R$id: int selectedDateLabel
com.googlecode.android.widgets.DateSlider.R$id: int timeLimitSelectButton
com.googlecode.android.widgets.DateSlider.R$id: int timeSelectButton
com.googlecode.android.widgets.DateSlider.R$layout
com.googlecode.android.widgets.DateSlider.R$layout: int altdateslider
com.googlecode.android.widgets.DateSlider.R$layout: int customdateslider
com.googlecode.android.widgets.DateSlider.R$layout: int datetimeslider
com.googlecode.android.widgets.DateSlider.R$layout: int defaultdateslider
com.googlecode.android.widgets.DateSlider.R$layout: int dialogbuttons
com.googlecode.android.widgets.DateSlider.R$layout: int dialogtitle
com.googlecode.android.widgets.DateSlider.R$layout: int main
com.googlecode.android.widgets.DateSlider.R$layout: int monthyeardateslider
com.googlecode.android.widgets.DateSlider.R$layout: int simple_main
com.googlecode.android.widgets.DateSlider.R$layout: int timeslider
com.googlecode.android.widgets.DateSlider.R$string
com.googlecode.android.widgets.DateSlider.R$string: int app_name
com.googlecode.android.widgets.DateSlider.R$string: int dateSliderTitle
com.googlecode.android.widgets.DateSlider.R$style
com.googlecode.android.widgets.DateSlider.R$style: int Scroller
com.googlecode.android.widgets.DateSlider.R$styleable
com.googlecode.android.widgets.DateSlider.R$styleable: int[] ScrollLayout
com.googlecode.android.widgets.DateSlider.R$styleable: int ScrollLayout_android_gravity
com.googlecode.android.widgets.DateSlider.R$styleable: int ScrollLayout_childHeight
com.googlecode.android.widgets.DateSlider.R$styleable: int ScrollLayout_childWidth
com.googlecode.android.widgets.DateSlider.R$styleable: int ScrollLayout_labelerClass
com.googlecode.android.widgets.DateSlider.R$styleable: int ScrollLayout_labelerFormat