date slider/build/outputs/mapping/release/mapping.txt
com.googlecode.android.widgets.DateSlider.R -> com.googlecode.android.widgets.DateSlider.R:
    void <init>() -> <init>
com.googlecode.android.widgets.DateSlider.R$attr -> com.googlecode.android.widgets.DateSlider.R$attr:
    int childHeight -> childHeight
    int childWidth -> childWidth
    int labelerClass -> labelerClass
    int labelerFormat -> labelerFormat
    void <init>() -> <init>
    void <clinit>() -> <clinit>
com.googlecode.android.widgets.DateSlider.R$drawable -> com.googlecode.android.widgets.DateSlider.R$drawable:
    int icon -> icon
    int left_shadow -> left_shadow
    int right_shadow -> right_shadow
    int slider_back -> slider_back
    void <init>() -> <init>
    void <clinit>() -> <clinit>
com.googlecode.android.widgets.DateSlider.R$id -> com.googlecode.android.widgets.DateSlider.R$id:
    int alternativeDateSelectButton -> alternativeDateSelectButton
    int customDateSelectButton -> customDateSelectButton
    int dateSliderButLayout -> dateSliderButLayout
    int dateSliderCancelButton -> dateSliderCancelButton
    int dateSliderContainer -> dateSliderContainer
    int dateSliderOkButton -> dateSliderOkButton
    int dateSliderTitleText -> dateSliderTitleText
    int dateTimeSelectButton -> dateTimeSelectButton
    int defaultDateLimitSelectButton -> defaultDateLimitSelectButton
    int defaultDateSelectButton -> defaultDateSelectButton
    int monthYearDateSelectButton -> monthYearDateSelectButton
    int selectedDateLabel -> selectedDateLabel
    int timeLimitSelectButton -> timeLimitSelectButton
    int timeSelectButton -> timeSelectButton
    void <init>() -> <init>
    void <clinit>() -> <clinit>
com.googlecode.android.widgets.DateSlider.R$layout -> com.googlecode.android.widgets.DateSlider.R$layout:
    int altdateslider -> altdateslider
    int customdateslider -> customdateslider
    int datetimeslider -> datetimeslider
    int defaultdateslider -> defaultdateslider
    int dialogbuttons -> dialogbuttons
    int dialogtitle -> dialogtitle
    int main -> main
    int monthyeardateslider -> monthyeardateslider
    int simple_main -> simple_main
    int timeslider -> timeslider
    void <init>() -> <init>
    void <clinit>() -> <clinit>
com.googlecode.android.widgets.DateSlider.R$string -> com.googlecode.android.widgets.DateSlider.R$string:
    int app_name -> app_name
    int dateSliderTitle -> dateSliderTitle
    void <init>() -> <init>
    void <clinit>() -> <clinit>
com.googlecode.android.widgets.DateSlider.R$style -> com.googlecode.android.widgets.DateSlider.R$style:
    int Scroller -> Scroller
    void <init>() -> <init>
    void <clinit>() -> <clinit>
com.googlecode.android.widgets.DateSlider.R$styleable -> com.googlecode.android.widgets.DateSlider.R$styleable:
    int[] ScrollLayout -> ScrollLayout
    int ScrollLayout_android_gravity -> ScrollLayout_android_gravity
    int ScrollLayout_childHeight -> ScrollLayout_childHeight
    int ScrollLayout_childWidth -> ScrollLayout_childWidth
    int ScrollLayout_labelerClass -> ScrollLayout_labelerClass
    int ScrollLayout_labelerFormat -> ScrollLayout_labelerFormat
    void <init>() -> <init>
    void <clinit>() -> <clinit>