date slider/build/outputs/mapping/release/usage.txt
com.googlecode.android.widgets.DateSlider.AlternativeDateSlider
com.googlecode.android.widgets.DateSlider.BuildConfig
com.googlecode.android.widgets.DateSlider.CustomDateSlider
com.googlecode.android.widgets.DateSlider.DateSlider
com.googlecode.android.widgets.DateSlider.DateSlider$1
com.googlecode.android.widgets.DateSlider.DateSlider$2
com.googlecode.android.widgets.DateSlider.DateSlider$3
com.googlecode.android.widgets.DateSlider.DateSlider$4
com.googlecode.android.widgets.DateSlider.DateSlider$OnDateSetListener
com.googlecode.android.widgets.DateSlider.DateTimeSlider
com.googlecode.android.widgets.DateSlider.DefaultDateSlider
com.googlecode.android.widgets.DateSlider.Demo
com.googlecode.android.widgets.DateSlider.Demo$1
com.googlecode.android.widgets.DateSlider.Demo$10
com.googlecode.android.widgets.DateSlider.Demo$11
com.googlecode.android.widgets.DateSlider.Demo$12
com.googlecode.android.widgets.DateSlider.Demo$2
com.googlecode.android.widgets.DateSlider.Demo$3
com.googlecode.android.widgets.DateSlider.Demo$4
com.googlecode.android.widgets.DateSlider.Demo$5
com.googlecode.android.widgets.DateSlider.Demo$6
com.googlecode.android.widgets.DateSlider.Demo$7
com.googlecode.android.widgets.DateSlider.Demo$8
com.googlecode.android.widgets.DateSlider.Demo$9
com.googlecode.android.widgets.DateSlider.MinimalDemo
com.googlecode.android.widgets.DateSlider.MinimalDemo$1
com.googlecode.android.widgets.DateSlider.MinimalDemo$2
com.googlecode.android.widgets.DateSlider.MonthYearDateSlider
com.googlecode.android.widgets.DateSlider.TimeObject:
    10:14:public TimeObject(java.lang.CharSequence,long,long)
com.googlecode.android.widgets.DateSlider.TimeSlider
com.googlecode.android.widgets.DateSlider.labeler.DayDateLabeler
com.googlecode.android.widgets.DateSlider.labeler.DayLabeler
com.googlecode.android.widgets.DateSlider.labeler.HourLabeler
com.googlecode.android.widgets.DateSlider.labeler.Labeler:
    26:35:public Labeler(int,int)
com.googlecode.android.widgets.DateSlider.labeler.MinuteLabeler
com.googlecode.android.widgets.DateSlider.labeler.MonthLabeler
com.googlecode.android.widgets.DateSlider.labeler.MonthYearLabeler
com.googlecode.android.widgets.DateSlider.labeler.TimeLabeler
com.googlecode.android.widgets.DateSlider.labeler.Util
com.googlecode.android.widgets.DateSlider.labeler.WeekLabeler
com.googlecode.android.widgets.DateSlider.labeler.WeekLabeler$CustomTimeTextView
com.googlecode.android.widgets.DateSlider.labeler.YearLabeler
com.googlecode.android.widgets.DateSlider.timeview.DayTimeLayoutView
com.googlecode.android.widgets.DateSlider.timeview.TimeLayoutView